============================= test session starts ==============================
platform linux -- Python 3.13.3, pytest-8.4.1, pluggy-1.6.0
rootdir: /home/janeendaredevil/LocalCode/cicero
configfile: pyproject.toml
collected 12 items

tests/infrastructure/mappers/test_country.py ...                         [ 25%]
tests/infrastructure/mappers/test_institution.py ...                     [ 50%]
tests/infrastructure/mappers/test_period.py ...                          [ 75%]
tests/infrastructure/mappers/test_protocol.py ...                        [100%]

============================== 12 passed in 0.29s ==============================
