============================= test session starts ==============================
platform linux -- Python 3.12.11, pytest-8.4.1, pluggy-1.6.0 -- /home/janeendaredevil/LocalCode/cicero/.venv/bin/python3.12
cachedir: .pytest_cache
rootdir: /home/janeendaredevil/LocalCode/cicero
configfile: pyproject.toml
collecting ... collected 3 items

tests/domain/models/test_party_enum_registry.py::test_for_country_germany PASSED [ 33%]
tests/domain/models/test_party_enum_registry.py::test_for_country_france PASSED [ 66%]
tests/domain/models/test_party_enum_registry.py::test_for_country_unsupported PASSED [100%]

============================== 3 passed in 0.02s ===============================
